Using pre-set license
Built from '2021.3/staging' branch; Version is '2021.3.25f1 (68ef2c4f8861) revision 6876972'; Using compiler version '192829333'; Build Type 'Release'
OS: 'Windows 10  (10.0.19045) 64bit Professional' Language: 'ru' Physical Memory: 8134 MB
BatchMode: 1, IsHumanControllingUs: 0, StartBugReporterOnCrash: 0, Is64bit: 1, IsPro: 1

COMMAND LINE ARGUMENTS:
C:\Program Files\Unity\Hub\Editor\2021.3.25f1\Editor\Unity.exe
-adb2
-batchMode
-noUpm
-name
AssetImportWorker3
-projectPath
C:/Users/ridra/Charlotte
-logFile
Logs/AssetImportWorker3.log
-srvPort
60249
Successfully changed project path to: C:/Users/ridra/Charlotte
C:/Users/ridra/Charlotte
[UnityMemory] Configuration Parameters - Can be set up in boot.config
    "memorysetup-bucket-allocator-granularity=16"
    "memorysetup-bucket-allocator-bucket-count=8"
    "memorysetup-bucket-allocator-block-size=33554432"
    "memorysetup-bucket-allocator-block-count=8"
    "memorysetup-main-allocator-block-size=16777216"
    "memorysetup-thread-allocator-block-size=16777216"
    "memorysetup-gfx-main-allocator-block-size=16777216"
    "memorysetup-gfx-thread-allocator-block-size=16777216"
    "memorysetup-cache-allocator-block-size=4194304"
    "memorysetup-typetree-allocator-block-size=2097152"
    "memorysetup-profiler-bucket-allocator-granularity=16"
    "memorysetup-profiler-bucket-allocator-bucket-count=8"
    "memorysetup-profiler-bucket-allocator-block-size=33554432"
    "memorysetup-profiler-bucket-allocator-block-count=8"
    "memorysetup-profiler-allocator-block-size=16777216"
    "memorysetup-profiler-editor-allocator-block-size=1048576"
    "memorysetup-temp-allocator-size-main=16777216"
    "memorysetup-job-temp-allocator-block-size=2097152"
    "memorysetup-job-temp-allocator-block-size-background=1048576"
    "memorysetup-job-temp-allocator-reduction-small-platforms=262144"
    "memorysetup-temp-allocator-size-background-worker=32768"
    "memorysetup-temp-allocator-size-job-worker=262144"
    "memorysetup-temp-allocator-size-preload-manager=33554432"
    "memorysetup-temp-allocator-size-nav-mesh-worker=65536"
    "memorysetup-temp-allocator-size-audio-worker=65536"
    "memorysetup-temp-allocator-size-cloud-worker=32768"
    "memorysetup-temp-allocator-size-gi-baking-worker=262144"
    "memorysetup-temp-allocator-size-gfx=262144"
Player connection [5888] Host "[IP] 192.168.137.138 [Port] 0 [Flags] 2 [Guid] 2215954836 [EditorId] 2215954836 [Version] 1048832 [Id] WindowsEditor(7,DESKTOP-D65B8GS) [Debug] 1 [PackageName] WindowsEditor [ProjectName] Editor" joined multi-casting on [225.0.0.222:54997]...

Player connection [5888] Host "[IP] 192.168.137.138 [Port] 0 [Flags] 2 [Guid] 2215954836 [EditorId] 2215954836 [Version] 1048832 [Id] WindowsEditor(7,DESKTOP-D65B8GS) [Debug] 1 [PackageName] WindowsEditor [ProjectName] Editor" joined alternative multi-casting on [225.0.0.222:34997]...

Refreshing native plugins compatible for Editor in 195.57 ms, found 3 plugins.
Preloading 0 native plugins for Editor in 0.00 ms.
Initialize engine version: 2021.3.25f1 (68ef2c4f8861)
[Subsystems] Discovering subsystems at path C:/Program Files/Unity/Hub/Editor/2021.3.25f1/Editor/Data/Resources/UnitySubsystems
[Subsystems] Discovering subsystems at path C:/Users/ridra/Charlotte/Assets
GfxDevice: creating device client; threaded=0; jobified=0
Direct3D:
    Version:  Direct3D 11.0 [level 11.1]
    Renderer: AMD Radeon R9 200 Series (ID=0x6810)
    Vendor:   ATI
    VRAM:     2027 MB
    Driver:   27.20.1034.6
Initialize mono
Mono path[0] = 'C:/Program Files/Unity/Hub/Editor/2021.3.25f1/Editor/Data/Managed'
Mono path[1] = 'C:/Program Files/Unity/Hub/Editor/2021.3.25f1/Editor/Data/MonoBleedingEdge/lib/mono/unityjit-win32'
Mono config path = 'C:/Program Files/Unity/Hub/Editor/2021.3.25f1/Editor/Data/MonoBleedingEdge/etc'
Using monoOptions --debugger-agent=transport=dt_socket,embedding=1,server=y,suspend=n,address=127.0.0.1:56096
Begin MonoManager ReloadAssembly
Registering precompiled unity dll's ...
Register platform support module: C:/Program Files/Unity/Hub/Editor/2021.3.25f1/Editor/Data/PlaybackEngines/WebGLSupport/UnityEditor.WebGL.Extensions.dll
Register platform support module: C:/Program Files/Unity/Hub/Editor/2021.3.25f1/Editor/Data/PlaybackEngines/WindowsStandaloneSupport/UnityEditor.WindowsStandalone.Extensions.dll
Registered in 0.009891 seconds.
Native extension for WindowsStandalone target not found
Native extension for WebGL target not found
Refreshing native plugins compatible for Editor in 182.71 ms, found 3 plugins.
Preloading 0 native plugins for Editor in 0.00 ms.
Mono: successfully reloaded assembly
- Completed reload, in  0.839 seconds
Domain Reload Profiling:
	ReloadAssembly (840ms)
		BeginReloadAssembly (98ms)
			ExecutionOrderSort (0ms)
			DisableScriptedObjects (0ms)
			BackupInstance (0ms)
			ReleaseScriptingObjects (0ms)
			CreateAndSetChildDomain (1ms)
		EndReloadAssembly (619ms)
			LoadAssemblies (95ms)
			RebuildTransferFunctionScriptingTraits (0ms)
			SetupTypeCache (127ms)
			ReleaseScriptCaches (0ms)
			RebuildScriptCaches (35ms)
			SetupLoadedEditorAssemblies (394ms)
				LogAssemblyErrors (0ms)
				InitializePlatformSupportModulesInManaged (13ms)
				SetLoadedEditorAssemblies (0ms)
				RefreshPlugins (183ms)
				BeforeProcessingInitializeOnLoad (2ms)
				ProcessInitializeOnLoadAttributes (144ms)
				ProcessInitializeOnLoadMethodAttributes (53ms)
				AfterProcessingInitializeOnLoad (0ms)
				EditorAssembliesLoaded (0ms)
			ExecutionOrderSort2 (0ms)
			AwakeInstancesAfterBackupRestoration (0ms)
Platform modules already initialized, skipping
Registering precompiled user dll's ...
Registered in 0.015807 seconds.
Begin MonoManager ReloadAssembly
Symbol file LoadedFromMemory doesn't match image C:\Users\ridra\Charlotte\Library\PackageCache\com.unity.visualscripting@1.8.0\Editor\VisualScripting.Core\Dependencies\YamlDotNet\Unity.VisualScripting.YamlDotNet.dll
Symbol file LoadedFromMemory doesn't match image C:\Users\ridra\Charlotte\Library\PackageCache\com.unity.visualscripting@1.8.0\Editor\VisualScripting.Core\Dependencies\DotNetZip\Unity.VisualScripting.IonicZip.dll
Native extension for WindowsStandalone target not found
Native extension for WebGL target not found
Refreshing native plugins compatible for Editor in 189.06 ms, found 3 plugins.
Preloading 0 native plugins for Editor in 0.00 ms.
Mono: successfully reloaded assembly
- Completed reload, in  5.125 seconds
Domain Reload Profiling:
	ReloadAssembly (5127ms)
		BeginReloadAssembly (174ms)
			ExecutionOrderSort (0ms)
			DisableScriptedObjects (24ms)
			BackupInstance (0ms)
			ReleaseScriptingObjects (0ms)
			CreateAndSetChildDomain (25ms)
		EndReloadAssembly (4816ms)
			LoadAssemblies (1866ms)
			RebuildTransferFunctionScriptingTraits (0ms)
			SetupTypeCache (506ms)
			ReleaseScriptCaches (1ms)
			RebuildScriptCaches (125ms)
			SetupLoadedEditorAssemblies (2101ms)
				LogAssemblyErrors (0ms)
				InitializePlatformSupportModulesInManaged (8ms)
				SetLoadedEditorAssemblies (0ms)
				RefreshPlugins (189ms)
				BeforeProcessingInitializeOnLoad (168ms)
				ProcessInitializeOnLoadAttributes (1595ms)
				ProcessInitializeOnLoadMethodAttributes (131ms)
				AfterProcessingInitializeOnLoad (10ms)
				EditorAssembliesLoaded (0ms)
			ExecutionOrderSort2 (0ms)
			AwakeInstancesAfterBackupRestoration (7ms)
Platform modules already initialized, skipping
========================================================================
Worker process is ready to serve import requests
Launched and connected shader compiler UnityShaderCompiler.exe after 0.33 seconds
Refreshing native plugins compatible for Editor in 5.45 ms, found 3 plugins.
Preloading 0 native plugins for Editor in 0.00 ms.
Unloading 6530 Unused Serialized files (Serialized files now loaded: 0)
Unloading 178 unused Assets / (13.2 MB). Loaded Objects now: 6920.
Memory consumption went from 358.5 MB to 345.3 MB.
Total: 10.294400 ms (FindLiveObjects: 0.823200 ms CreateObjectMapping: 1.070000 ms MarkObjects: 5.529700 ms  DeleteObjects: 2.870200 ms)

AssetImportParameters requested are different than current active one (requested -> active):
  custom:video-decoder-ogg-theora: a1e56fd34408186e4bbccfd4996cb3dc -> 
  custom:container-muxer-webm: aa71ff27fc2769a1b78a27578f13a17b -> 
  custom:container-demuxer-webm: 4f35f7cbe854078d1ac9338744f61a02 -> 
  custom:video-encoder-webm-vp8: eb34c28f22e8b96e1ab97ce403110664 -> 
  custom:audio-encoder-webm-vorbis: bf7c407c2cedff20999df2af8eb42d56 -> 
  custom:framework-win-MediaFoundation: 216162199b28c13a410421893ffa2e32 -> 
  custom:SearchIndexIgnoredProperties: e643bd26f0fe6173181afceb89e7c659 -> 
  custom:container-demuxer-ogg: 62fdf1f143b41e24485cea50d1cbac27 -> 
  custom:video-decoder-webm-vp8: 9c59270c3fd7afecdb556c50c9e8de78 -> 
  custom:audio-decoder-ogg-vorbis: bf7c407c2cedff20999df2af8eb42d56 -> 
========================================================================
Received Import Request.
  Time since last request: 556932.649736 seconds.
  path: Assets/New Brush.brush
  artifactKey: Guid(d42d07bd290755243a3d8dcadc672200) Importer(815301076,1909f56bfc062723c751e8b465ee728b)
Start importing Assets/New Brush.brush using Guid(d42d07bd290755243a3d8dcadc672200) Importer(815301076,1909f56bfc062723c751e8b465ee728b)  -> (artifact id: 'c113deb17d7d4ad92b8384c26da6f5d9') in 0.197984 seconds 
========================================================================
Received Prepare
Registering precompiled user dll's ...
Registered in 0.048444 seconds.
Begin MonoManager ReloadAssembly
Symbol file LoadedFromMemory doesn't match image C:\Users\ridra\Charlotte\Library\PackageCache\com.unity.visualscripting@1.8.0\Editor\VisualScripting.Core\Dependencies\YamlDotNet\Unity.VisualScripting.YamlDotNet.dll
Symbol file LoadedFromMemory doesn't match image C:\Users\ridra\Charlotte\Library\PackageCache\com.unity.visualscripting@1.8.0\Editor\VisualScripting.Core\Dependencies\DotNetZip\Unity.VisualScripting.IonicZip.dll
Native extension for WindowsStandalone target not found
Native extension for WebGL target not found
Refreshing native plugins compatible for Editor in 1.91 ms, found 3 plugins.
Preloading 0 native plugins for Editor in 0.00 ms.
Mono: successfully reloaded assembly
- Completed reload, in  2.052 seconds
Domain Reload Profiling:
	ReloadAssembly (2053ms)
		BeginReloadAssembly (214ms)
			ExecutionOrderSort (0ms)
			DisableScriptedObjects (6ms)
			BackupInstance (0ms)
			ReleaseScriptingObjects (0ms)
			CreateAndSetChildDomain (59ms)
		EndReloadAssembly (1683ms)
			LoadAssemblies (171ms)
			RebuildTransferFunctionScriptingTraits (0ms)
			SetupTypeCache (525ms)
			ReleaseScriptCaches (3ms)
			RebuildScriptCaches (92ms)
			SetupLoadedEditorAssemblies (685ms)
				LogAssemblyErrors (0ms)
				InitializePlatformSupportModulesInManaged (9ms)
				SetLoadedEditorAssemblies (1ms)
				RefreshPlugins (2ms)
				BeforeProcessingInitializeOnLoad (128ms)
				ProcessInitializeOnLoadAttributes (451ms)
				ProcessInitializeOnLoadMethodAttributes (84ms)
				AfterProcessingInitializeOnLoad (10ms)
				EditorAssembliesLoaded (0ms)
			ExecutionOrderSort2 (0ms)
			AwakeInstancesAfterBackupRestoration (7ms)
Platform modules already initialized, skipping
Refreshing native plugins compatible for Editor in 38.38 ms, found 3 plugins.
Preloading 0 native plugins for Editor in 0.00 ms.
Unloading 6367 Unused Serialized files (Serialized files now loaded: 0)
Unloading 157 unused Assets / (13.2 MB). Loaded Objects now: 6944.
Memory consumption went from 348.6 MB to 335.5 MB.
Total: 8.578700 ms (FindLiveObjects: 0.764100 ms CreateObjectMapping: 0.322900 ms MarkObjects: 4.138600 ms  DeleteObjects: 3.351800 ms)

AssetImportParameters requested are different than current active one (requested -> active):
  custom:video-decoder-ogg-theora: a1e56fd34408186e4bbccfd4996cb3dc -> 
  custom:container-muxer-webm: aa71ff27fc2769a1b78a27578f13a17b -> 
  custom:container-demuxer-webm: 4f35f7cbe854078d1ac9338744f61a02 -> 
  custom:video-encoder-webm-vp8: eb34c28f22e8b96e1ab97ce403110664 -> 
  custom:audio-encoder-webm-vorbis: bf7c407c2cedff20999df2af8eb42d56 -> 
  custom:framework-win-MediaFoundation: 216162199b28c13a410421893ffa2e32 -> 
  custom:SearchIndexIgnoredProperties: e643bd26f0fe6173181afceb89e7c659 -> 
  custom:container-demuxer-ogg: 62fdf1f143b41e24485cea50d1cbac27 -> 
  custom:video-decoder-webm-vp8: 9c59270c3fd7afecdb556c50c9e8de78 -> 
  custom:audio-decoder-ogg-vorbis: bf7c407c2cedff20999df2af8eb42d56 -> 
========================================================================
Received Import Request.
  Time since last request: 1152.985853 seconds.
  path: Assets/sity/itens/chest/pref/chest_blue_ox.prefab
  artifactKey: Guid(a39fb628c03fc0041a28867b2437675b) Importer(815301076,1909f56bfc062723c751e8b465ee728b)
Start importing Assets/sity/itens/chest/pref/chest_blue_ox.prefab using Guid(a39fb628c03fc0041a28867b2437675b) Importer(815301076,1909f56bfc062723c751e8b465ee728b)  -> (artifact id: '536276b71cb27139d54acbc4836a4a43') in 0.018801 seconds 
========================================================================
Received Import Request.
  Time since last request: 0.000095 seconds.
  path: Assets/sity/itens/chest/bau.obj
  artifactKey: Guid(b84799a3a3ef3d447a47059fc2ce5839) Importer(815301076,1909f56bfc062723c751e8b465ee728b)
Start importing Assets/sity/itens/chest/bau.obj using Guid(b84799a3a3ef3d447a47059fc2ce5839) Importer(815301076,1909f56bfc062723c751e8b465ee728b)  -> (artifact id: '9c8df79d4733601e86baf74891ba4f78') in 0.672461 seconds 
========================================================================
Received Import Request.
  Time since last request: 0.000049 seconds.
  path: Assets/sity/itens/chest/bau_amarelo_albedo.png
  artifactKey: Guid(78279faac22dc7d4f8705c0b7ac5e35d) Importer(815301076,1909f56bfc062723c751e8b465ee728b)
Start importing Assets/sity/itens/chest/bau_amarelo_albedo.png using Guid(78279faac22dc7d4f8705c0b7ac5e35d) Importer(815301076,1909f56bfc062723c751e8b465ee728b)  -> (artifact id: 'a3b1e9168adc36b360b3df16f3d23bc8') in 0.144124 seconds 
========================================================================
Received Import Request.
  Time since last request: 0.000019 seconds.
  path: Assets/sity/itens/chest/bau_azul_ox_albedo.png
  artifactKey: Guid(0e247c4784bbf184dbe870fbaa01f521) Importer(815301076,1909f56bfc062723c751e8b465ee728b)
Start importing Assets/sity/itens/chest/bau_azul_ox_albedo.png using Guid(0e247c4784bbf184dbe870fbaa01f521) Importer(815301076,1909f56bfc062723c751e8b465ee728b)  -> (artifact id: 'fbc0b69ff0ab36bc396f01dc5487ec14') in 0.012121 seconds 
========================================================================
Received Import Request.
  Time since last request: 0.000047 seconds.
  path: Assets/sity/itens/chest/bau_azul_albedo.png
  artifactKey: Guid(c237552a33bc5d848b471e7d12aff7cf) Importer(815301076,1909f56bfc062723c751e8b465ee728b)
Start importing Assets/sity/itens/chest/bau_azul_albedo.png using Guid(c237552a33bc5d848b471e7d12aff7cf) Importer(815301076,1909f56bfc062723c751e8b465ee728b)  -> (artifact id: '02825ac7d6987105a501ea471721cd61') in 0.017556 seconds 
========================================================================
Received Import Request.
  Time since last request: 0.000030 seconds.
  path: Assets/sity/itens/chest/pref/chest_yellow (1).prefab
  artifactKey: Guid(9c0ee183d6b4b00428325c3cb7c034a6) Importer(815301076,1909f56bfc062723c751e8b465ee728b)
Start importing Assets/sity/itens/chest/pref/chest_yellow (1).prefab using Guid(9c0ee183d6b4b00428325c3cb7c034a6) Importer(815301076,1909f56bfc062723c751e8b465ee728b)  -> (artifact id: '579b261b7e1c19e4831ffbecbf246a92') in 0.278759 seconds 
========================================================================
Received Import Request.
  Time since last request: 0.000024 seconds.
  path: Assets/sity/itens/chest/pref/teste.prefab
  artifactKey: Guid(64254f80c3c65674f978a12966507cd0) Importer(815301076,1909f56bfc062723c751e8b465ee728b)
Start importing Assets/sity/itens/chest/pref/teste.prefab using Guid(64254f80c3c65674f978a12966507cd0) Importer(815301076,1909f56bfc062723c751e8b465ee728b)  -> (artifact id: 'eacb5dbcbb562c40203db4f7cbad04e5') in 0.047799 seconds 
========================================================================
Received Import Request.
  Time since last request: 0.000033 seconds.
  path: Assets/sity/itens/chest/bau_ao.png
  artifactKey: Guid(7ef3a5a3014aee4408fa2f0d92ab98b1) Importer(815301076,1909f56bfc062723c751e8b465ee728b)
Start importing Assets/sity/itens/chest/bau_ao.png using Guid(7ef3a5a3014aee4408fa2f0d92ab98b1) Importer(815301076,1909f56bfc062723c751e8b465ee728b)  -> (artifact id: '0de09fcb205e9fec144cf457c5d09bf5') in 0.016297 seconds 
========================================================================
Received Import Request.
  Time since last request: 0.000025 seconds.
  path: Assets/sity/itens/chest/metal_bau_ao.png
  artifactKey: Guid(448963ac80023254abf5d3efd62f6548) Importer(815301076,1909f56bfc062723c751e8b465ee728b)
Start importing Assets/sity/itens/chest/metal_bau_ao.png using Guid(448963ac80023254abf5d3efd62f6548) Importer(815301076,1909f56bfc062723c751e8b465ee728b)  -> (artifact id: 'e857e0e7d6413b68e1544f33398fabb8') in 0.017725 seconds 
========================================================================
Received Import Request.
  Time since last request: 0.000024 seconds.
  path: Assets/sity/itens/chest
  artifactKey: Guid(b4f71ce795c318e4b84caaf5cd7ae6f3) Importer(815301076,1909f56bfc062723c751e8b465ee728b)
Start importing Assets/sity/itens/chest using Guid(b4f71ce795c318e4b84caaf5cd7ae6f3) Importer(815301076,1909f56bfc062723c751e8b465ee728b)  -> (artifact id: '075b5dede79da8ade75a73f6351b683f') in 0.007863 seconds 
========================================================================
Received Import Request.
  Time since last request: 0.000027 seconds.
  path: Assets/sity/itens/chest/metal_bau_02_albedo.png
  artifactKey: Guid(cd4cf89e8ef558646be305d1c575860b) Importer(815301076,1909f56bfc062723c751e8b465ee728b)
Start importing Assets/sity/itens/chest/metal_bau_02_albedo.png using Guid(cd4cf89e8ef558646be305d1c575860b) Importer(815301076,1909f56bfc062723c751e8b465ee728b)  -> (artifact id: 'b79e764c1e95cd35c2f01f2f4041db85') in 0.047455 seconds 
========================================================================
Received Import Request.
  Time since last request: 0.000027 seconds.
  path: Assets/sity/itens/chest/bau_verde_albedo.png
  artifactKey: Guid(c2eee171c61e93642afda27c1fdb139b) Importer(815301076,1909f56bfc062723c751e8b465ee728b)
Start importing Assets/sity/itens/chest/bau_verde_albedo.png using Guid(c2eee171c61e93642afda27c1fdb139b) Importer(815301076,1909f56bfc062723c751e8b465ee728b)  -> (artifact id: '4020c419ef0bfeabfb38478a10edb5c8') in 0.142845 seconds 
========================================================================
Received Import Request.
  Time since last request: 0.000176 seconds.
  path: Assets/sity/itens/chest/bau_normal.png
  artifactKey: Guid(e49ba41593012aa438470e4448776689) Importer(815301076,1909f56bfc062723c751e8b465ee728b)
Start importing Assets/sity/itens/chest/bau_normal.png using Guid(e49ba41593012aa438470e4448776689) Importer(815301076,1909f56bfc062723c751e8b465ee728b)  -> (artifact id: 'e49a3eee842eb7f0b62d053d8226b142') in 0.043510 seconds 
========================================================================
Received Import Request.
  Time since last request: 0.000233 seconds.
  path: Assets/sity/itens/chest/pref/chest_red.prefab
  artifactKey: Guid(77cf581ce6b9ecd45bc5f09a25957745) Importer(815301076,1909f56bfc062723c751e8b465ee728b)
Start importing Assets/sity/itens/chest/pref/chest_red.prefab using Guid(77cf581ce6b9ecd45bc5f09a25957745) Importer(815301076,1909f56bfc062723c751e8b465ee728b)  -> (artifact id: 'c216644d2aec1cb150a871c6d2cb9877') in 0.124536 seconds 
========================================================================
Received Import Request.
  Time since last request: 0.000030 seconds.
  path: Assets/sity/itens/chest/metal_bau_albedo.png
  artifactKey: Guid(178ddff7a5023f34eb13ad55f88bd97e) Importer(815301076,1909f56bfc062723c751e8b465ee728b)
Start importing Assets/sity/itens/chest/metal_bau_albedo.png using Guid(178ddff7a5023f34eb13ad55f88bd97e) Importer(815301076,1909f56bfc062723c751e8b465ee728b)  -> (artifact id: '8d4493a67bdb4bb5583d2fd4eb8467e9') in 0.012814 seconds 
========================================================================
Received Import Request.
  Time since last request: 0.000034 seconds.
  path: Assets/sity/itens
  artifactKey: Guid(e83fb8e341216174ca4457613a03496b) Importer(815301076,1909f56bfc062723c751e8b465ee728b)
Start importing Assets/sity/itens using Guid(e83fb8e341216174ca4457613a03496b) Importer(815301076,1909f56bfc062723c751e8b465ee728b)  -> (artifact id: 'c38ca11a4a7325b012f74cefcf4eabb1') in 0.002561 seconds 
========================================================================
Received Import Request.
  Time since last request: 0.000090 seconds.
  path: Assets/sity/itens/chest/metal_bau_02_normal.png
  artifactKey: Guid(5566bfe65d9d0c24f8a1fee13a018bfc) Importer(815301076,1909f56bfc062723c751e8b465ee728b)
Start importing Assets/sity/itens/chest/metal_bau_02_normal.png using Guid(5566bfe65d9d0c24f8a1fee13a018bfc) Importer(815301076,1909f56bfc062723c751e8b465ee728b)  -> (artifact id: '4ec37ba80e0e31550ca18194ed53b54c') in 0.030828 seconds 
========================================================================
Received Import Request.
  Time since last request: 0.000035 seconds.
  path: Assets/sity/itens/chest/bau_amarelo_ox_albedo.png
  artifactKey: Guid(d2494a1c27a118b4096a6c8ef785ed45) Importer(815301076,1909f56bfc062723c751e8b465ee728b)
Start importing Assets/sity/itens/chest/bau_amarelo_ox_albedo.png using Guid(d2494a1c27a118b4096a6c8ef785ed45) Importer(815301076,1909f56bfc062723c751e8b465ee728b)  -> (artifact id: '76b643c638523fccacccaac33750baae') in 0.027780 seconds 
========================================================================
Received Import Request.
  Time since last request: 0.000078 seconds.
  path: Assets/sity/itens/chest/pref/chest_red_ox.prefab
  artifactKey: Guid(1013c51dec8efe7459ac3e7a29558289) Importer(815301076,1909f56bfc062723c751e8b465ee728b)
Start importing Assets/sity/itens/chest/pref/chest_red_ox.prefab using Guid(1013c51dec8efe7459ac3e7a29558289) Importer(815301076,1909f56bfc062723c751e8b465ee728b)  -> (artifact id: 'c3dcd2115537ab7c3a88aa8404e8beb3') in 0.035239 seconds 
========================================================================
Received Import Request.
  Time since last request: 0.000024 seconds.
  path: Assets/sity/itens/chest/pref/chest_verde.prefab
  artifactKey: Guid(b33599103f9d7444c8cdaaa3b76175f1) Importer(815301076,1909f56bfc062723c751e8b465ee728b)
Start importing Assets/sity/itens/chest/pref/chest_verde.prefab using Guid(b33599103f9d7444c8cdaaa3b76175f1) Importer(815301076,1909f56bfc062723c751e8b465ee728b)  -> (artifact id: '2128f9f328ae1e4b48c92724d1a61d31') in 0.065833 seconds 
========================================================================
Received Import Request.
  Time since last request: 0.000023 seconds.
  path: Assets/sity/itens/chest/pref/chest_yellow.prefab
  artifactKey: Guid(7204fa109c5a2b64ab0f67eaf787a7b7) Importer(815301076,1909f56bfc062723c751e8b465ee728b)
Start importing Assets/sity/itens/chest/pref/chest_yellow.prefab using Guid(7204fa109c5a2b64ab0f67eaf787a7b7) Importer(815301076,1909f56bfc062723c751e8b465ee728b)  -> (artifact id: '99e6490d959008378d1b550419b74170') in 0.061340 seconds 
========================================================================
Received Import Request.
  Time since last request: 0.000022 seconds.
  path: Assets/sity/itens/chest/bau_ox_normal.png
  artifactKey: Guid(c3f1ca7791efbfd4586e1e89f02f786d) Importer(815301076,1909f56bfc062723c751e8b465ee728b)
Start importing Assets/sity/itens/chest/bau_ox_normal.png using Guid(c3f1ca7791efbfd4586e1e89f02f786d) Importer(815301076,1909f56bfc062723c751e8b465ee728b)  -> (artifact id: '5e7b98331486d3d32adc3c88876516f3') in 0.011442 seconds 
========================================================================
Received Import Request.
  Time since last request: 0.000042 seconds.
  path: Assets/sity/itens/chest/metal_bau_02_specular.png
  artifactKey: Guid(bbf6d28ad376a5f44b97cb2f7b6534ed) Importer(815301076,1909f56bfc062723c751e8b465ee728b)
Start importing Assets/sity/itens/chest/metal_bau_02_specular.png using Guid(bbf6d28ad376a5f44b97cb2f7b6534ed) Importer(815301076,1909f56bfc062723c751e8b465ee728b)  -> (artifact id: '8e9b7863a76fb98a150e778c3e5b3fc6') in 0.067147 seconds 
========================================================================
Received Import Request.
  Time since last request: 0.000025 seconds.
  path: Assets/sity/itens/chest/pref/chest_verde_ox.prefab
  artifactKey: Guid(4d8e41efd4b18e547bf4b19123c38f38) Importer(815301076,1909f56bfc062723c751e8b465ee728b)
Start importing Assets/sity/itens/chest/pref/chest_verde_ox.prefab using Guid(4d8e41efd4b18e547bf4b19123c38f38) Importer(815301076,1909f56bfc062723c751e8b465ee728b)  -> (artifact id: 'fa3d9ae106b70bb4e80ec971879ba09e') in 0.031761 seconds 
========================================================================
Received Import Request.
  Time since last request: 0.000029 seconds.
  path: Assets/sity/itens/chest/bau_vermelha_albedo.png
  artifactKey: Guid(5baa9d15650116f4cb7831e463f999cc) Importer(815301076,1909f56bfc062723c751e8b465ee728b)
Start importing Assets/sity/itens/chest/bau_vermelha_albedo.png using Guid(5baa9d15650116f4cb7831e463f999cc) Importer(815301076,1909f56bfc062723c751e8b465ee728b)  -> (artifact id: '4529fd8b38df862a828e284010aaf3f8') in 0.010421 seconds 
========================================================================
Received Import Request.
  Time since last request: 0.000049 seconds.
  path: Assets/sity/itens/chest/bau_ox_ao.png
  artifactKey: Guid(0b2ebd352886ff641b6bbbc88057b210) Importer(815301076,1909f56bfc062723c751e8b465ee728b)
Start importing Assets/sity/itens/chest/bau_ox_ao.png using Guid(0b2ebd352886ff641b6bbbc88057b210) Importer(815301076,1909f56bfc062723c751e8b465ee728b)  -> (artifact id: '6e17e827537de4bfdde584c0aaaa5c7c') in 0.018591 seconds 
========================================================================
Received Import Request.
  Time since last request: 0.000037 seconds.
  path: Assets/sity/itens/chest/metal_bau_02_ao.png
  artifactKey: Guid(32877c778bfdcb5489f10accc40b4035) Importer(815301076,1909f56bfc062723c751e8b465ee728b)
Start importing Assets/sity/itens/chest/metal_bau_02_ao.png using Guid(32877c778bfdcb5489f10accc40b4035) Importer(815301076,1909f56bfc062723c751e8b465ee728b)  -> (artifact id: 'aafebc4be7580165327e71c0348a5ded') in 0.012010 seconds 
========================================================================
Received Import Request.
  Time since last request: 0.000058 seconds.
  path: Assets/sity/itens/chest/metal_bau_specular.png
  artifactKey: Guid(9f11c988bea76114aa1bf6fe20b5e373) Importer(815301076,1909f56bfc062723c751e8b465ee728b)
Start importing Assets/sity/itens/chest/metal_bau_specular.png using Guid(9f11c988bea76114aa1bf6fe20b5e373) Importer(815301076,1909f56bfc062723c751e8b465ee728b)  -> (artifact id: '6bfc2dfff4ed3c489110ec2f620362a6') in 0.172347 seconds 
========================================================================
Received Import Request.
  Time since last request: 0.000046 seconds.
  path: Assets/sity/itens/chest/pref
  artifactKey: Guid(d6188f8a622ad8c49ba2f33a2f02b05c) Importer(815301076,1909f56bfc062723c751e8b465ee728b)
Start importing Assets/sity/itens/chest/pref using Guid(d6188f8a622ad8c49ba2f33a2f02b05c) Importer(815301076,1909f56bfc062723c751e8b465ee728b)  -> (artifact id: '9bbf67f035a8a3210c7bef36497e5162') in 0.003904 seconds 
========================================================================
Received Import Request.
  Time since last request: 0.000082 seconds.
  path: Assets/sity/itens/chest/pref/alvo.prefab
  artifactKey: Guid(b00e585dba14d58489ab5b3ac617218b) Importer(815301076,1909f56bfc062723c751e8b465ee728b)
Start importing Assets/sity/itens/chest/pref/alvo.prefab using Guid(b00e585dba14d58489ab5b3ac617218b) Importer(815301076,1909f56bfc062723c751e8b465ee728b)  -> (artifact id: '7b391680b02ffb031af298794547c2af') in 0.012071 seconds 
========================================================================
Received Import Request.
  Time since last request: 0.000058 seconds.
  path: Assets/sity/itens/chest/metal_bau_normal.png
  artifactKey: Guid(2e57339fe6242f745aa0914c2dbb2038) Importer(815301076,1909f56bfc062723c751e8b465ee728b)
Start importing Assets/sity/itens/chest/metal_bau_normal.png using Guid(2e57339fe6242f745aa0914c2dbb2038) Importer(815301076,1909f56bfc062723c751e8b465ee728b)  -> (artifact id: 'ffb367ee7e666544f1b8016805ea2480') in 0.032188 seconds 
========================================================================
Received Import Request.
  Time since last request: 0.000038 seconds.
  path: Assets/sity/itens/chest/bau_verde_ox_albedo.png
  artifactKey: Guid(ba4959c26fbfb9d43b94d7d0a943e45b) Importer(815301076,1909f56bfc062723c751e8b465ee728b)
Start importing Assets/sity/itens/chest/bau_verde_ox_albedo.png using Guid(ba4959c26fbfb9d43b94d7d0a943e45b) Importer(815301076,1909f56bfc062723c751e8b465ee728b)  -> (artifact id: 'b48c7e3a333587c6e2679e6e1f2fbb5d') in 0.025290 seconds 
========================================================================
Received Import Request.
  Time since last request: 0.000079 seconds.
  path: Assets/sity/itens/chest/pref/chest_blue.prefab
  artifactKey: Guid(fc985a152699d6049ab671803ee8d934) Importer(815301076,1909f56bfc062723c751e8b465ee728b)
Start importing Assets/sity/itens/chest/pref/chest_blue.prefab using Guid(fc985a152699d6049ab671803ee8d934) Importer(815301076,1909f56bfc062723c751e8b465ee728b)  -> (artifact id: 'ce568f383834773ab4a7cef5c9a5f430') in 0.037618 seconds 
========================================================================
Received Import Request.
  Time since last request: 0.000036 seconds.
  path: Assets/sity/itens/chest/bau_vermelho_ox_albedo.png
  artifactKey: Guid(330d644a271feef46a50fdcc266e4fef) Importer(815301076,1909f56bfc062723c751e8b465ee728b)
Start importing Assets/sity/itens/chest/bau_vermelho_ox_albedo.png using Guid(330d644a271feef46a50fdcc266e4fef) Importer(815301076,1909f56bfc062723c751e8b465ee728b)  -> (artifact id: 'e4f7cb7605c551c78c83b8ab0f2ec1c8') in 0.009997 seconds 
========================================================================
Received Import Request.
  Time since last request: 0.000027 seconds.
  path: Assets/sity/itens/chest/bau_tampa.obj
  artifactKey: Guid(47206283efdec104bad676d1e262f1d2) Importer(815301076,1909f56bfc062723c751e8b465ee728b)
Start importing Assets/sity/itens/chest/bau_tampa.obj using Guid(47206283efdec104bad676d1e262f1d2) Importer(815301076,1909f56bfc062723c751e8b465ee728b)  -> (artifact id: 'ffd68a6b0f13b8cb337a7998ed909ecc') in 0.022232 seconds 
========================================================================
Received Import Request.
  Time since last request: 0.000027 seconds.
  path: Assets/sity/itens/chest/alvo.obj
  artifactKey: Guid(ebb5409410f6f844795ef997296ebba6) Importer(815301076,1909f56bfc062723c751e8b465ee728b)
Start importing Assets/sity/itens/chest/alvo.obj using Guid(ebb5409410f6f844795ef997296ebba6) Importer(815301076,1909f56bfc062723c751e8b465ee728b)  -> (artifact id: '0cc31995a2394bd0f7e384ab09ecc475') in 0.086397 seconds 
========================================================================
Received Import Request.
  Time since last request: 110.287413 seconds.
  path: Assets/sity/itens/chest/pref/chest_blue.prefab
  artifactKey: Guid(fc985a152699d6049ab671803ee8d934) Importer(815301076,1909f56bfc062723c751e8b465ee728b)
Start importing Assets/sity/itens/chest/pref/chest_blue.prefab using Guid(fc985a152699d6049ab671803ee8d934) Importer(815301076,1909f56bfc062723c751e8b465ee728b)  -> (artifact id: '912a65dbd833d8ef248ed7ecac4f9465') in 0.422211 seconds 
========================================================================
Received Import Request.
  Time since last request: 0.000031 seconds.
  path: Assets/sity/itens/chest/pref/chest_blue_ox.prefab
  artifactKey: Guid(a39fb628c03fc0041a28867b2437675b) Importer(815301076,1909f56bfc062723c751e8b465ee728b)
Start importing Assets/sity/itens/chest/pref/chest_blue_ox.prefab using Guid(a39fb628c03fc0041a28867b2437675b) Importer(815301076,1909f56bfc062723c751e8b465ee728b)  -> (artifact id: 'a692badcdbd032628947f2920c835c2e') in 0.176756 seconds 
========================================================================
Received Import Request.
  Time since last request: 0.000041 seconds.
  path: Assets/sity/itens/chest/pref/chest_yellow (1).prefab
  artifactKey: Guid(9c0ee183d6b4b00428325c3cb7c034a6) Importer(815301076,1909f56bfc062723c751e8b465ee728b)
Start importing Assets/sity/itens/chest/pref/chest_yellow (1).prefab using Guid(9c0ee183d6b4b00428325c3cb7c034a6) Importer(815301076,1909f56bfc062723c751e8b465ee728b)  -> (artifact id: 'f21fcfac87f78155d6c6dd6ff7e1069d') in 0.089671 seconds 
========================================================================
Received Import Request.
  Time since last request: 0.000073 seconds.
  path: Assets/sity/itens/chest/pref/chest_red.prefab
  artifactKey: Guid(77cf581ce6b9ecd45bc5f09a25957745) Importer(815301076,1909f56bfc062723c751e8b465ee728b)
Start importing Assets/sity/itens/chest/pref/chest_red.prefab using Guid(77cf581ce6b9ecd45bc5f09a25957745) Importer(815301076,1909f56bfc062723c751e8b465ee728b)  -> (artifact id: '6fd3364cce23590932f80e632e82598e') in 0.080224 seconds 
========================================================================
Received Import Request.
  Time since last request: 0.000049 seconds.
  path: Assets/sity/itens/chest/pref/chest_verde.prefab
  artifactKey: Guid(b33599103f9d7444c8cdaaa3b76175f1) Importer(815301076,1909f56bfc062723c751e8b465ee728b)
Start importing Assets/sity/itens/chest/pref/chest_verde.prefab using Guid(b33599103f9d7444c8cdaaa3b76175f1) Importer(815301076,1909f56bfc062723c751e8b465ee728b)  -> (artifact id: '5f09b223da339ebc19f4cf49ec9fe37d') in 0.040577 seconds 
========================================================================
Received Import Request.
  Time since last request: 0.000027 seconds.
  path: Assets/sity/itens/chest/pref/chest_red_ox.prefab
  artifactKey: Guid(1013c51dec8efe7459ac3e7a29558289) Importer(815301076,1909f56bfc062723c751e8b465ee728b)
Start importing Assets/sity/itens/chest/pref/chest_red_ox.prefab using Guid(1013c51dec8efe7459ac3e7a29558289) Importer(815301076,1909f56bfc062723c751e8b465ee728b)  -> (artifact id: 'ad5e43c4138b189dfd7699fc4c563a10') in 0.031318 seconds 
========================================================================
Received Import Request.
  Time since last request: 0.000025 seconds.
  path: Assets/sity/itens/chest/pref/chest_yellow.prefab
  artifactKey: Guid(7204fa109c5a2b64ab0f67eaf787a7b7) Importer(815301076,1909f56bfc062723c751e8b465ee728b)
Start importing Assets/sity/itens/chest/pref/chest_yellow.prefab using Guid(7204fa109c5a2b64ab0f67eaf787a7b7) Importer(815301076,1909f56bfc062723c751e8b465ee728b)  -> (artifact id: 'c87dac6be34ffe41924388d0d23c21eb') in 0.033575 seconds 
========================================================================
Received Import Request.
  Time since last request: 0.000046 seconds.
  path: Assets/sity/itens/chest/pref/chest_verde_ox.prefab
  artifactKey: Guid(4d8e41efd4b18e547bf4b19123c38f38) Importer(815301076,1909f56bfc062723c751e8b465ee728b)
Start importing Assets/sity/itens/chest/pref/chest_verde_ox.prefab using Guid(4d8e41efd4b18e547bf4b19123c38f38) Importer(815301076,1909f56bfc062723c751e8b465ee728b)  -> (artifact id: '27859db31ed2d03dfe1c10eb6a5b958d') in 0.032282 seconds 
========================================================================
Received Import Request.
  Time since last request: 100.838678 seconds.
  path: Assets/PureThink/LowpolySteamCar
  artifactKey: Guid(b77ebc66764ad6d49b033d22eeccd16b) Importer(815301076,1909f56bfc062723c751e8b465ee728b)
Start importing Assets/PureThink/LowpolySteamCar using Guid(b77ebc66764ad6d49b033d22eeccd16b) Importer(815301076,1909f56bfc062723c751e8b465ee728b)  -> (artifact id: '17abe273661abb5ff0878b891f802eb1') in 0.005096 seconds 
========================================================================
Received Import Request.
  Time since last request: 1.138288 seconds.
  path: Assets/PureThink/LowpolySteamCar/Model
  artifactKey: Guid(a5bb3b729074257488b0f2bed297ff9c) Importer(815301076,1909f56bfc062723c751e8b465ee728b)
Start importing Assets/PureThink/LowpolySteamCar/Model using Guid(a5bb3b729074257488b0f2bed297ff9c) Importer(815301076,1909f56bfc062723c751e8b465ee728b)  -> (artifact id: '0f3050489893a8942659c09bb3c5dc6e') in 0.001728 seconds 
========================================================================
Received Import Request.
  Time since last request: 0.106424 seconds.
  path: Assets/PureThink/LowpolySteamCar/Model/LowpolySteamCar.fbx
  artifactKey: Guid(00334b3e6a065d149a73e738a06641ff) Importer(815301076,1909f56bfc062723c751e8b465ee728b)
Start importing Assets/PureThink/LowpolySteamCar/Model/LowpolySteamCar.fbx using Guid(00334b3e6a065d149a73e738a06641ff) Importer(815301076,1909f56bfc062723c751e8b465ee728b)  -> (artifact id: '3b0a0e2690903d1eb7f9fd1dae532d2c') in 2.261186 seconds 
========================================================================
Received Import Request.
  Time since last request: 5.409439 seconds.
  path: Assets/PureThink/LowpolySteamCar/Prefabs
  artifactKey: Guid(6d1bb700769a37940bd966dcfc5c8911) Importer(815301076,1909f56bfc062723c751e8b465ee728b)
Start importing Assets/PureThink/LowpolySteamCar/Prefabs using Guid(6d1bb700769a37940bd966dcfc5c8911) Importer(815301076,1909f56bfc062723c751e8b465ee728b)  -> (artifact id: '99831b762d949e274724912451e5d78f') in 0.036371 seconds 
========================================================================
Received Import Request.
  Time since last request: 0.079625 seconds.
  path: Assets/PureThink/LowpolySteamCar/Prefabs/LowpolySteamCar.prefab
  artifactKey: Guid(8e246fa26599fe44a8b597c2757e8c25) Importer(815301076,1909f56bfc062723c751e8b465ee728b)
Start importing Assets/PureThink/LowpolySteamCar/Prefabs/LowpolySteamCar.prefab using Guid(8e246fa26599fe44a8b597c2757e8c25) Importer(815301076,1909f56bfc062723c751e8b465ee728b)  -> (artifact id: 'b9bf1e0d5af647162e6fd9f904f0cc34') in 2.415947 seconds 
========================================================================
Received Prepare
Registering precompiled user dll's ...
Registered in 0.043450 seconds.
Begin MonoManager ReloadAssembly
Symbol file LoadedFromMemory doesn't match image C:\Users\ridra\Charlotte\Library\PackageCache\com.unity.visualscripting@1.8.0\Editor\VisualScripting.Core\Dependencies\YamlDotNet\Unity.VisualScripting.YamlDotNet.dll
Symbol file LoadedFromMemory doesn't match image C:\Users\ridra\Charlotte\Library\PackageCache\com.unity.visualscripting@1.8.0\Editor\VisualScripting.Core\Dependencies\DotNetZip\Unity.VisualScripting.IonicZip.dll
Native extension for WindowsStandalone target not found
Native extension for WebGL target not found
Refreshing native plugins compatible for Editor in 2.15 ms, found 3 plugins.
Preloading 0 native plugins for Editor in 0.00 ms.
Mono: successfully reloaded assembly
- Completed reload, in  2.858 seconds
Domain Reload Profiling:
	ReloadAssembly (2860ms)
		BeginReloadAssembly (682ms)
			ExecutionOrderSort (0ms)
			DisableScriptedObjects (45ms)
			BackupInstance (0ms)
			ReleaseScriptingObjects (0ms)
			CreateAndSetChildDomain (254ms)
		EndReloadAssembly (2000ms)
			LoadAssemblies (184ms)
			RebuildTransferFunctionScriptingTraits (0ms)
			SetupTypeCache (533ms)
			ReleaseScriptCaches (4ms)
			RebuildScriptCaches (105ms)
			SetupLoadedEditorAssemblies (894ms)
				LogAssemblyErrors (0ms)
				InitializePlatformSupportModulesInManaged (12ms)
				SetLoadedEditorAssemblies (19ms)
				RefreshPlugins (2ms)
				BeforeProcessingInitializeOnLoad (190ms)
				ProcessInitializeOnLoadAttributes (534ms)
				ProcessInitializeOnLoadMethodAttributes (125ms)
				AfterProcessingInitializeOnLoad (11ms)
				EditorAssembliesLoaded (0ms)
			ExecutionOrderSort2 (0ms)
			AwakeInstancesAfterBackupRestoration (9ms)
Platform modules already initialized, skipping
Refreshing native plugins compatible for Editor in 45.06 ms, found 3 plugins.
Preloading 0 native plugins for Editor in 0.00 ms.
Unloading 6368 Unused Serialized files (Serialized files now loaded: 0)
Unloading 157 unused Assets / (13.2 MB). Loaded Objects now: 6976.
Memory consumption went from 349.2 MB to 336.1 MB.
Total: 57.938900 ms (FindLiveObjects: 0.755000 ms CreateObjectMapping: 0.963000 ms MarkObjects: 34.196900 ms  DeleteObjects: 22.022200 ms)

AssetImportParameters requested are different than current active one (requested -> active):
  custom:video-decoder-ogg-theora: a1e56fd34408186e4bbccfd4996cb3dc -> 
  custom:container-muxer-webm: aa71ff27fc2769a1b78a27578f13a17b -> 
  custom:container-demuxer-webm: 4f35f7cbe854078d1ac9338744f61a02 -> 
  custom:video-encoder-webm-vp8: eb34c28f22e8b96e1ab97ce403110664 -> 
  custom:audio-encoder-webm-vorbis: bf7c407c2cedff20999df2af8eb42d56 -> 
  custom:framework-win-MediaFoundation: 216162199b28c13a410421893ffa2e32 -> 
  custom:SearchIndexIgnoredProperties: e643bd26f0fe6173181afceb89e7c659 -> 
  custom:container-demuxer-ogg: 62fdf1f143b41e24485cea50d1cbac27 -> 
  custom:video-decoder-webm-vp8: 9c59270c3fd7afecdb556c50c9e8de78 -> 
  custom:audio-decoder-ogg-vorbis: bf7c407c2cedff20999df2af8eb42d56 -> 
========================================================================
Received Import Request.
  Time since last request: 211.584311 seconds.
  path: Assets/DiverAndSubmarine/Diver/Diver.prefab
  artifactKey: Guid(d1ce76d9880d2224daf799edbd26b1a0) Importer(815301076,1909f56bfc062723c751e8b465ee728b)
Start importing Assets/DiverAndSubmarine/Diver/Diver.prefab using Guid(d1ce76d9880d2224daf799edbd26b1a0) Importer(815301076,1909f56bfc062723c751e8b465ee728b)  -> (artifact id: 'f81e474cb20bafe57955bbe6d238d5e4') in 0.773889 seconds 
========================================================================
Received Import Request.
  Time since last request: 0.000074 seconds.
  path: Assets/DiverAndSubmarine/Diver
  artifactKey: Guid(5b5e32efb8f06df46bc51594ebd1768d) Importer(815301076,1909f56bfc062723c751e8b465ee728b)
Start importing Assets/DiverAndSubmarine/Diver using Guid(5b5e32efb8f06df46bc51594ebd1768d) Importer(815301076,1909f56bfc062723c751e8b465ee728b)  -> (artifact id: 'f1e6f7fcb2a8faab4635d07618a58a65') in 0.003402 seconds 
========================================================================
Received Import Request.
  Time since last request: 258.854025 seconds.
  path: Assets/HousePack/Perfabs
  artifactKey: Guid(76f9d1c61c28acc4d92cf8459c1ac21f) Importer(815301076,1909f56bfc062723c751e8b465ee728b)
Start importing Assets/HousePack/Perfabs using Guid(76f9d1c61c28acc4d92cf8459c1ac21f) Importer(815301076,1909f56bfc062723c751e8b465ee728b)  -> (artifact id: 'aae26af93c0093364b62dea581fa88b8') in 0.003379 seconds 
========================================================================
Received Import Request.
  Time since last request: 0.074661 seconds.
  path: Assets/HousePack/Perfabs/House1.prefab
  artifactKey: Guid(0021dc7ae6ca2cb4bb44c107245b122f) Importer(815301076,1909f56bfc062723c751e8b465ee728b)
Start importing Assets/HousePack/Perfabs/House1.prefab using Guid(0021dc7ae6ca2cb4bb44c107245b122f) Importer(815301076,1909f56bfc062723c751e8b465ee728b)  -> (artifact id: 'f222bd0f253c980771968c5838f1c370') in 0.127723 seconds 
========================================================================
Received Import Request.
  Time since last request: 0.000022 seconds.
  path: Assets/HousePack/Perfabs/House3.prefab
  artifactKey: Guid(840209b60d092704bbca286c6c0ac931) Importer(815301076,1909f56bfc062723c751e8b465ee728b)
Start importing Assets/HousePack/Perfabs/House3.prefab using Guid(840209b60d092704bbca286c6c0ac931) Importer(815301076,1909f56bfc062723c751e8b465ee728b)  -> (artifact id: 'a19b8f41ca3f3b09a4e92738631e525f') in 0.027700 seconds 
========================================================================
Received Import Request.
  Time since last request: 0.000033 seconds.
  path: Assets/HousePack/Perfabs/House2.prefab
  artifactKey: Guid(148c959f2024f81498bfe1a565c3a0cb) Importer(815301076,1909f56bfc062723c751e8b465ee728b)
Start importing Assets/HousePack/Perfabs/House2.prefab using Guid(148c959f2024f81498bfe1a565c3a0cb) Importer(815301076,1909f56bfc062723c751e8b465ee728b)  -> (artifact id: '5d52193a9c49b0e61865fa63dd0315c4') in 0.017247 seconds 
========================================================================
Received Import Request.
  Time since last request: 0.000027 seconds.
  path: Assets/HousePack/Perfabs/House7.prefab
  artifactKey: Guid(8e888a9b2caa8f34aa28745d02ea24fb) Importer(815301076,1909f56bfc062723c751e8b465ee728b)
Start importing Assets/HousePack/Perfabs/House7.prefab using Guid(8e888a9b2caa8f34aa28745d02ea24fb) Importer(815301076,1909f56bfc062723c751e8b465ee728b)  -> (artifact id: 'd3379f4e3e01883c5e91fc091eff3efc') in 0.039724 seconds 
========================================================================
Received Import Request.
  Time since last request: 0.000059 seconds.
  path: Assets/HousePack/Perfabs/House10.prefab
  artifactKey: Guid(2f66f74f1d9a5ea48beb0036581bc18d) Importer(815301076,1909f56bfc062723c751e8b465ee728b)
Start importing Assets/HousePack/Perfabs/House10.prefab using Guid(2f66f74f1d9a5ea48beb0036581bc18d) Importer(815301076,1909f56bfc062723c751e8b465ee728b)  -> (artifact id: '87b6f7900e9eb7783890f148b35570aa') in 0.021702 seconds 
========================================================================
Received Import Request.
  Time since last request: 0.000073 seconds.
  path: Assets/HousePack/Perfabs/House6.prefab
  artifactKey: Guid(a5300953c6462ed479f4e71b69fb4c78) Importer(815301076,1909f56bfc062723c751e8b465ee728b)
Start importing Assets/HousePack/Perfabs/House6.prefab using Guid(a5300953c6462ed479f4e71b69fb4c78) Importer(815301076,1909f56bfc062723c751e8b465ee728b)  -> (artifact id: '77d081d8bc25bad71196a1df8acdea42') in 0.041694 seconds 
========================================================================
Received Import Request.
  Time since last request: 0.000024 seconds.
  path: Assets/HousePack/Perfabs/House8.prefab
  artifactKey: Guid(84d816b90a9224a46a067fbdcdc7ad63) Importer(815301076,1909f56bfc062723c751e8b465ee728b)
Start importing Assets/HousePack/Perfabs/House8.prefab using Guid(84d816b90a9224a46a067fbdcdc7ad63) Importer(815301076,1909f56bfc062723c751e8b465ee728b)  -> (artifact id: 'b755d21ed6a6f263478c53c12e06f3f6') in 0.036218 seconds 
========================================================================
Received Import Request.
  Time since last request: 0.000030 seconds.
  path: Assets/HousePack/Perfabs/House4.prefab
  artifactKey: Guid(97686e80dd94cb04c9b02de1bf64121e) Importer(815301076,1909f56bfc062723c751e8b465ee728b)
Start importing Assets/HousePack/Perfabs/House4.prefab using Guid(97686e80dd94cb04c9b02de1bf64121e) Importer(815301076,1909f56bfc062723c751e8b465ee728b)  -> (artifact id: '002f886cec1ad232ec77f2a76cacee64') in 0.027814 seconds 
========================================================================
Received Import Request.
  Time since last request: 0.000037 seconds.
  path: Assets/HousePack/Perfabs/House9.prefab
  artifactKey: Guid(0ee3f20eba7c1414a8508d1965a6706a) Importer(815301076,1909f56bfc062723c751e8b465ee728b)
Start importing Assets/HousePack/Perfabs/House9.prefab using Guid(0ee3f20eba7c1414a8508d1965a6706a) Importer(815301076,1909f56bfc062723c751e8b465ee728b)  -> (artifact id: '89efbd99c69ebc4691228da3cf4e8ee5') in 0.021138 seconds 
========================================================================
Received Import Request.
  Time since last request: 0.000026 seconds.
  path: Assets/HousePack/Perfabs/House5.prefab
  artifactKey: Guid(9177f38d5b69e5c4a9ff22283c83fb5e) Importer(815301076,1909f56bfc062723c751e8b465ee728b)
Start importing Assets/HousePack/Perfabs/House5.prefab using Guid(9177f38d5b69e5c4a9ff22283c83fb5e) Importer(815301076,1909f56bfc062723c751e8b465ee728b)  -> (artifact id: '1a389c22ed9dd8cad9c21a21670c3a41') in 0.019460 seconds 
========================================================================
Received Import Request.
  Time since last request: 2301.737481 seconds.
  path: Assets/DiverAndSubmarine/Submarine/Submarine.prefab
  artifactKey: Guid(a47fdbe3572344a41b7d7976650682ba) Importer(815301076,1909f56bfc062723c751e8b465ee728b)
Start importing Assets/DiverAndSubmarine/Submarine/Submarine.prefab using Guid(a47fdbe3572344a41b7d7976650682ba) Importer(815301076,1909f56bfc062723c751e8b465ee728b)  -> (artifact id: '6a5b8dd36594d22e91e76ffdc1a66002') in 0.478996 seconds 
========================================================================
Received Prepare
Registering precompiled user dll's ...
Registered in 0.015359 seconds.
Begin MonoManager ReloadAssembly
Symbol file LoadedFromMemory doesn't match image C:\Users\ridra\Charlotte\Library\PackageCache\com.unity.visualscripting@1.8.0\Editor\VisualScripting.Core\Dependencies\YamlDotNet\Unity.VisualScripting.YamlDotNet.dll
Symbol file LoadedFromMemory doesn't match image C:\Users\ridra\Charlotte\Library\PackageCache\com.unity.visualscripting@1.8.0\Editor\VisualScripting.Core\Dependencies\DotNetZip\Unity.VisualScripting.IonicZip.dll
Native extension for WindowsStandalone target not found
Native extension for WebGL target not found
Refreshing native plugins compatible for Editor in 2.14 ms, found 3 plugins.
Preloading 0 native plugins for Editor in 0.00 ms.
Mono: successfully reloaded assembly
- Completed reload, in  7.041 seconds
Domain Reload Profiling:
	ReloadAssembly (7042ms)
		BeginReloadAssembly (1128ms)
			ExecutionOrderSort (0ms)
			DisableScriptedObjects (27ms)
			BackupInstance (0ms)
			ReleaseScriptingObjects (1ms)
			CreateAndSetChildDomain (362ms)
		EndReloadAssembly (5687ms)
			LoadAssemblies (652ms)
			RebuildTransferFunctionScriptingTraits (0ms)
			SetupTypeCache (2058ms)
			ReleaseScriptCaches (5ms)
			RebuildScriptCaches (288ms)
			SetupLoadedEditorAssemblies (2358ms)
				LogAssemblyErrors (0ms)
				InitializePlatformSupportModulesInManaged (31ms)
				SetLoadedEditorAssemblies (1ms)
				RefreshPlugins (2ms)
				BeforeProcessingInitializeOnLoad (241ms)
				ProcessInitializeOnLoadAttributes (1055ms)
				ProcessInitializeOnLoadMethodAttributes (1003ms)
				AfterProcessingInitializeOnLoad (25ms)
				EditorAssembliesLoaded (0ms)
			ExecutionOrderSort2 (0ms)
			AwakeInstancesAfterBackupRestoration (13ms)
Platform modules already initialized, skipping
Refreshing native plugins compatible for Editor in 3.92 ms, found 3 plugins.
Preloading 0 native plugins for Editor in 0.00 ms.
Unloading 6368 Unused Serialized files (Serialized files now loaded: 0)
Unloading 157 unused Assets / (13.2 MB). Loaded Objects now: 6994.
Memory consumption went from 362.2 MB to 349.0 MB.
Total: 39.115100 ms (FindLiveObjects: 0.746100 ms CreateObjectMapping: 0.608600 ms MarkObjects: 35.273400 ms  DeleteObjects: 2.485600 ms)

AssetImportParameters requested are different than current active one (requested -> active):
  custom:video-decoder-ogg-theora: a1e56fd34408186e4bbccfd4996cb3dc -> 
  custom:container-muxer-webm: aa71ff27fc2769a1b78a27578f13a17b -> 
  custom:container-demuxer-webm: 4f35f7cbe854078d1ac9338744f61a02 -> 
  custom:video-encoder-webm-vp8: eb34c28f22e8b96e1ab97ce403110664 -> 
  custom:audio-encoder-webm-vorbis: bf7c407c2cedff20999df2af8eb42d56 -> 
  custom:framework-win-MediaFoundation: 216162199b28c13a410421893ffa2e32 -> 
  custom:SearchIndexIgnoredProperties: e643bd26f0fe6173181afceb89e7c659 -> 
  custom:container-demuxer-ogg: 62fdf1f143b41e24485cea50d1cbac27 -> 
  custom:video-decoder-webm-vp8: 9c59270c3fd7afecdb556c50c9e8de78 -> 
  custom:audio-decoder-ogg-vorbis: bf7c407c2cedff20999df2af8eb42d56 -> 
========================================================================
Received Prepare
Registering precompiled user dll's ...
Registered in 0.020375 seconds.
Begin MonoManager ReloadAssembly
Symbol file LoadedFromMemory doesn't match image C:\Users\ridra\Charlotte\Library\PackageCache\com.unity.visualscripting@1.8.0\Editor\VisualScripting.Core\Dependencies\YamlDotNet\Unity.VisualScripting.YamlDotNet.dll
Symbol file LoadedFromMemory doesn't match image C:\Users\ridra\Charlotte\Library\PackageCache\com.unity.visualscripting@1.8.0\Editor\VisualScripting.Core\Dependencies\DotNetZip\Unity.VisualScripting.IonicZip.dll
Native extension for WindowsStandalone target not found
Native extension for WebGL target not found
Refreshing native plugins compatible for Editor in 2.07 ms, found 3 plugins.
Preloading 0 native plugins for Editor in 0.00 ms.
Mono: successfully reloaded assembly
- Completed reload, in  2.624 seconds
Domain Reload Profiling:
	ReloadAssembly (2626ms)
		BeginReloadAssembly (200ms)
			ExecutionOrderSort (0ms)
			DisableScriptedObjects (6ms)
			BackupInstance (0ms)
			ReleaseScriptingObjects (0ms)
			CreateAndSetChildDomain (59ms)
		EndReloadAssembly (2285ms)
			LoadAssemblies (185ms)
			RebuildTransferFunctionScriptingTraits (0ms)
			SetupTypeCache (565ms)
			ReleaseScriptCaches (3ms)
			RebuildScriptCaches (146ms)
			SetupLoadedEditorAssemblies (867ms)
				LogAssemblyErrors (0ms)
				InitializePlatformSupportModulesInManaged (12ms)
				SetLoadedEditorAssemblies (1ms)
				RefreshPlugins (2ms)
				BeforeProcessingInitializeOnLoad (189ms)
				ProcessInitializeOnLoadAttributes (566ms)
				ProcessInitializeOnLoadMethodAttributes (86ms)
				AfterProcessingInitializeOnLoad (11ms)
				EditorAssembliesLoaded (0ms)
			ExecutionOrderSort2 (0ms)
			AwakeInstancesAfterBackupRestoration (11ms)
Platform modules already initialized, skipping
Refreshing native plugins compatible for Editor in 9.00 ms, found 3 plugins.
Preloading 0 native plugins for Editor in 0.00 ms.
Unloading 6368 Unused Serialized files (Serialized files now loaded: 0)
Unloading 157 unused Assets / (13.2 MB). Loaded Objects now: 7010.
Memory consumption went from 362.2 MB to 349.0 MB.
Total: 8.968500 ms (FindLiveObjects: 0.715900 ms CreateObjectMapping: 0.742700 ms MarkObjects: 4.163900 ms  DeleteObjects: 3.344600 ms)

AssetImportParameters requested are different than current active one (requested -> active):
  custom:video-decoder-ogg-theora: a1e56fd34408186e4bbccfd4996cb3dc -> 
  custom:container-muxer-webm: aa71ff27fc2769a1b78a27578f13a17b -> 
  custom:container-demuxer-webm: 4f35f7cbe854078d1ac9338744f61a02 -> 
  custom:video-encoder-webm-vp8: eb34c28f22e8b96e1ab97ce403110664 -> 
  custom:audio-encoder-webm-vorbis: bf7c407c2cedff20999df2af8eb42d56 -> 
  custom:framework-win-MediaFoundation: 216162199b28c13a410421893ffa2e32 -> 
  custom:SearchIndexIgnoredProperties: e643bd26f0fe6173181afceb89e7c659 -> 
  custom:container-demuxer-ogg: 62fdf1f143b41e24485cea50d1cbac27 -> 
  custom:video-decoder-webm-vp8: 9c59270c3fd7afecdb556c50c9e8de78 -> 
  custom:audio-decoder-ogg-vorbis: bf7c407c2cedff20999df2af8eb42d56 -> 
========================================================================
Received Prepare
Registering precompiled user dll's ...
Registered in 0.016247 seconds.
Begin MonoManager ReloadAssembly
Symbol file LoadedFromMemory doesn't match image C:\Users\ridra\Charlotte\Library\PackageCache\com.unity.visualscripting@1.8.0\Editor\VisualScripting.Core\Dependencies\YamlDotNet\Unity.VisualScripting.YamlDotNet.dll
Symbol file LoadedFromMemory doesn't match image C:\Users\ridra\Charlotte\Library\PackageCache\com.unity.visualscripting@1.8.0\Editor\VisualScripting.Core\Dependencies\DotNetZip\Unity.VisualScripting.IonicZip.dll
Native extension for WindowsStandalone target not found
Native extension for WebGL target not found
Refreshing native plugins compatible for Editor in 1.61 ms, found 3 plugins.
Preloading 0 native plugins for Editor in 0.00 ms.
Mono: successfully reloaded assembly
- Completed reload, in  2.071 seconds
Domain Reload Profiling:
	ReloadAssembly (2073ms)
		BeginReloadAssembly (193ms)
			ExecutionOrderSort (0ms)
			DisableScriptedObjects (7ms)
			BackupInstance (0ms)
			ReleaseScriptingObjects (0ms)
			CreateAndSetChildDomain (53ms)
		EndReloadAssembly (1753ms)
			LoadAssemblies (127ms)
			RebuildTransferFunctionScriptingTraits (0ms)
			SetupTypeCache (433ms)
			ReleaseScriptCaches (3ms)
			RebuildScriptCaches (136ms)
			SetupLoadedEditorAssemblies (656ms)
				LogAssemblyErrors (0ms)
				InitializePlatformSupportModulesInManaged (9ms)
				SetLoadedEditorAssemblies (1ms)
				RefreshPlugins (2ms)
				BeforeProcessingInitializeOnLoad (129ms)
				ProcessInitializeOnLoadAttributes (419ms)
				ProcessInitializeOnLoadMethodAttributes (86ms)
				AfterProcessingInitializeOnLoad (10ms)
				EditorAssembliesLoaded (0ms)
			ExecutionOrderSort2 (0ms)
			AwakeInstancesAfterBackupRestoration (7ms)
Platform modules already initialized, skipping
Refreshing native plugins compatible for Editor in 4.52 ms, found 3 plugins.
Preloading 0 native plugins for Editor in 0.00 ms.
Unloading 6368 Unused Serialized files (Serialized files now loaded: 0)
Unloading 157 unused Assets / (13.2 MB). Loaded Objects now: 7026.
Memory consumption went from 362.2 MB to 349.0 MB.
Total: 7.344500 ms (FindLiveObjects: 0.621700 ms CreateObjectMapping: 0.319600 ms MarkObjects: 3.763500 ms  DeleteObjects: 2.638200 ms)

AssetImportParameters requested are different than current active one (requested -> active):
  custom:video-decoder-ogg-theora: a1e56fd34408186e4bbccfd4996cb3dc -> 
  custom:container-muxer-webm: aa71ff27fc2769a1b78a27578f13a17b -> 
  custom:container-demuxer-webm: 4f35f7cbe854078d1ac9338744f61a02 -> 
  custom:video-encoder-webm-vp8: eb34c28f22e8b96e1ab97ce403110664 -> 
  custom:audio-encoder-webm-vorbis: bf7c407c2cedff20999df2af8eb42d56 -> 
  custom:framework-win-MediaFoundation: 216162199b28c13a410421893ffa2e32 -> 
  custom:SearchIndexIgnoredProperties: e643bd26f0fe6173181afceb89e7c659 -> 
  custom:container-demuxer-ogg: 62fdf1f143b41e24485cea50d1cbac27 -> 
  custom:video-decoder-webm-vp8: 9c59270c3fd7afecdb556c50c9e8de78 -> 
  custom:audio-decoder-ogg-vorbis: bf7c407c2cedff20999df2af8eb42d56 -> 
========================================================================
Received Prepare
Registering precompiled user dll's ...
Registered in 0.023512 seconds.
Begin MonoManager ReloadAssembly
Symbol file LoadedFromMemory doesn't match image C:\Users\ridra\Charlotte\Library\PackageCache\com.unity.visualscripting@1.8.0\Editor\VisualScripting.Core\Dependencies\YamlDotNet\Unity.VisualScripting.YamlDotNet.dll
Symbol file LoadedFromMemory doesn't match image C:\Users\ridra\Charlotte\Library\PackageCache\com.unity.visualscripting@1.8.0\Editor\VisualScripting.Core\Dependencies\DotNetZip\Unity.VisualScripting.IonicZip.dll
Native extension for WindowsStandalone target not found
Native extension for WebGL target not found
Refreshing native plugins compatible for Editor in 2.15 ms, found 3 plugins.
Preloading 0 native plugins for Editor in 0.00 ms.
Mono: successfully reloaded assembly
- Completed reload, in  3.815 seconds
Domain Reload Profiling:
	ReloadAssembly (3817ms)
		BeginReloadAssembly (249ms)
			ExecutionOrderSort (0ms)
			DisableScriptedObjects (7ms)
			BackupInstance (0ms)
			ReleaseScriptingObjects (0ms)
			CreateAndSetChildDomain (68ms)
		EndReloadAssembly (3411ms)
			LoadAssemblies (182ms)
			RebuildTransferFunctionScriptingTraits (0ms)
			SetupTypeCache (732ms)
			ReleaseScriptCaches (16ms)
			RebuildScriptCaches (139ms)
			SetupLoadedEditorAssemblies (1645ms)
				LogAssemblyErrors (0ms)
				InitializePlatformSupportModulesInManaged (24ms)
				SetLoadedEditorAssemblies (1ms)
				RefreshPlugins (2ms)
				BeforeProcessingInitializeOnLoad (202ms)
				ProcessInitializeOnLoadAttributes (1230ms)
				ProcessInitializeOnLoadMethodAttributes (172ms)
				AfterProcessingInitializeOnLoad (14ms)
				EditorAssembliesLoaded (0ms)
			ExecutionOrderSort2 (0ms)
			AwakeInstancesAfterBackupRestoration (67ms)
Platform modules already initialized, skipping
Refreshing native plugins compatible for Editor in 5.25 ms, found 3 plugins.
Preloading 0 native plugins for Editor in 0.00 ms.
Unloading 6368 Unused Serialized files (Serialized files now loaded: 0)
Unloading 157 unused Assets / (13.2 MB). Loaded Objects now: 7042.
Memory consumption went from 362.2 MB to 349.0 MB.
Total: 9.599600 ms (FindLiveObjects: 0.649300 ms CreateObjectMapping: 0.664700 ms MarkObjects: 5.112000 ms  DeleteObjects: 3.172200 ms)

AssetImportParameters requested are different than current active one (requested -> active):
  custom:video-decoder-ogg-theora: a1e56fd34408186e4bbccfd4996cb3dc -> 
  custom:container-muxer-webm: aa71ff27fc2769a1b78a27578f13a17b -> 
  custom:container-demuxer-webm: 4f35f7cbe854078d1ac9338744f61a02 -> 
  custom:video-encoder-webm-vp8: eb34c28f22e8b96e1ab97ce403110664 -> 
  custom:audio-encoder-webm-vorbis: bf7c407c2cedff20999df2af8eb42d56 -> 
  custom:framework-win-MediaFoundation: 216162199b28c13a410421893ffa2e32 -> 
  custom:SearchIndexIgnoredProperties: e643bd26f0fe6173181afceb89e7c659 -> 
  custom:container-demuxer-ogg: 62fdf1f143b41e24485cea50d1cbac27 -> 
  custom:video-decoder-webm-vp8: 9c59270c3fd7afecdb556c50c9e8de78 -> 
  custom:audio-decoder-ogg-vorbis: bf7c407c2cedff20999df2af8eb42d56 -> 
